# JRE version: OpenJDK Runtime Environment Temurin-21.0.11+10 (21.0.11+10) (build 21.0.11+10-LTS)
# Java VM: OpenJDK 64-Bit Server VM Temurin-21.0.11+10 (21.0.11+10-LTS, mixed mode, sharing, tiered, compressed oops, compressed class ptrs, g1 gc, windows-amd64)
GC Precious Log:
 CardTable entry size: 512
 Card Set container configuration: InlinePtr #cards 5 size 8 Array Of Cards #cards 12 size 40 Howl #buckets 4 coarsen threshold 1843 Howl Bitmap #cards 512 size 80 coarsen threshold 460 Card regions per heap region 1 cards per card region 2048
 CPUs: 16 total, 16 available
 Memory: 16173M
 Large Page Support: Disabled
 NUMA Support: Disabled
 Compressed Oops: Enabled (32-bit)
 Heap Region Size: 1M
 Heap Min Capacity: 256M
 Heap Initial Capacity: 256M
 Heap Max Capacity: 512M
 Pre-touch: Disabled
 Parallel Workers: 13
 Concurrent Workers: 3
 Concurrent Refinement Workers: 13
 Periodic GC: Disabled
Heap:
 garbage-first heap   total 262144K, used 143332K [0x00000000e0000000, 0x0000000100000000)
  region size 1024K, 95 young (97280K), 12 survivors (12288K)
 Metaspace       used 52448K, committed 54272K, reserved 393216K
  class space    used 7441K, committed 8320K, reserved 327680K
GC Heap History (14 events):
Event: 0.269 GC heap before
{Heap before GC invocations=0 (full 0):
 garbage-first heap   total 262144K, used 26624K [0x00000000e0000000, 0x0000000100000000)
  region size 1024K, 23 young (23552K), 0 survivors (0K)
 Metaspace       used 1127K, committed 1280K, reserved 393216K
  class space    used 80K, committed 128K, reserved 327680K
}
Event: 0.271 GC heap after
{Heap after GC invocations=1 (full 0):
 garbage-first heap   total 262144K, used 9198K [0x00000000e0000000, 0x0000000100000000)
  region size 1024K, 3 young (3072K), 3 survivors (3072K)
 Metaspace       used 1127K, committed 1280K, reserved 393216K
  class space    used 80K, committed 128K, reserved 327680K
}
Event: 0.904 GC heap before
{Heap before GC invocations=1 (full 0):
 garbage-first heap   total 262144K, used 40942K [0x00000000e0000000, 0x0000000100000000)
  region size 1024K, 34 young (34816K), 3 survivors (3072K)
 Metaspace       used 4371K, committed 4544K, reserved 393216K
  class space    used 547K, committed 640K, reserved 327680K
}
Event: 0.907 GC heap after
{Heap after GC invocations=2 (full 0):
 garbage-first heap   total 262144K, used 11954K [0x00000000e0000000, 0x0000000100000000)
  region size 1024K, 3 young (3072K), 3 survivors (3072K)
 Metaspace       used 4371K, committed 4544K, reserved 393216K
  class space    used 547K, committed 640K, reserved 327680K
}
Event: 1.361 GC heap before
{Heap before GC invocations=2 (full 0):
 garbage-first heap   total 262144K, used 59058K [0x00000000e0000000, 0x0000000100000000)
  region size 1024K, 48 young (49152K), 3 survivors (3072K)
 Metaspace       used 6130K, committed 6336K, reserved 393216K
  class space    used 807K, committed 896K, reserved 327680K
}
Event: 1.365 GC heap after
{Heap after GC invocations=3 (full 0):
 garbage-first heap   total 262144K, used 18495K [0x00000000e0000000, 0x0000000100000000)
  region size 1024K, 6 young (6144K), 6 survivors (6144K)
 Metaspace       used 6130K, committed 6336K, reserved 393216K
  class space    used 807K, committed 896K, reserved 327680K
}
Event: 2.752 GC heap before
{Heap before GC invocations=3 (full 0):
 garbage-first heap   total 262144K, used 104511K [0x00000000e0000000, 0x0000000100000000)
  region size 1024K, 91 young (93184K), 6 survivors (6144K)
 Metaspace       used 20852K, committed 21504K, reserved 393216K
  class space    used 3070K, committed 3392K, reserved 327680K
}
Event: 2.758 GC heap after
{Heap after GC invocations=4 (full 0):
 garbage-first heap   total 262144K, used 25090K [0x00000000e0000000, 0x0000000100000000)
  region size 1024K, 13 young (13312K), 13 survivors (13312K)
 Metaspace       used 20852K, committed 21504K, reserved 393216K
  class space    used 3070K, committed 3392K, reserved 327680K
}
Event: 4.136 GC heap before
{Heap before GC invocations=5 (full 0):
 garbage-first heap   total 262144K, used 117250K [0x00000000e0000000, 0x0000000100000000)
  region size 1024K, 105 young (107520K), 13 survivors (13312K)
 Metaspace       used 34776K, committed 35968K, reserved 393216K
  class space    used 5167K, committed 5760K, reserved 327680K
}
Event: 4.144 GC heap after
{Heap after GC invocations=6 (full 0):
 garbage-first heap   total 262144K, used 32514K [0x00000000e0000000, 0x0000000100000000)
  region size 1024K, 14 young (14336K), 14 survivors (14336K)
 Metaspace       used 34776K, committed 35968K, reserved 393216K
  class space    used 5167K, committed 5760K, reserved 327680K
}
Event: 7.231 GC heap before
{Heap before GC invocations=7 (full 0):
 garbage-first heap   total 262144K, used 180994K [0x00000000e0000000, 0x0000000100000000)
  region size 1024K, 153 young (156672K), 14 survivors (14336K)
 Metaspace       used 48052K, committed 49728K, reserved 393216K
  class space    used 6975K, committed 7808K, reserved 327680K
}
Event: 7.241 GC heap after
{Heap after GC invocations=8 (full 0):
 garbage-first heap   total 262144K, used 43971K [0x00000000e0000000, 0x0000000100000000)
  region size 1024K, 19 young (19456K), 19 survivors (19456K)
 Metaspace       used 48052K, committed 49728K, reserved 393216K
  class space    used 6975K, committed 7808K, reserved 327680K
}
Event: 9.006 GC heap before
{Heap before GC invocations=8 (full 0):
 garbage-first heap   total 262144K, used 186307K [0x00000000e0000000, 0x0000000100000000)
  region size 1024K, 153 young (156672K), 19 survivors (19456K)
 Metaspace       used 51453K, committed 53184K, reserved 393216K
  class space    used 7421K, committed 8256K, reserved 327680K
}
Event: 9.019 GC heap after
{Heap after GC invocations=9 (full 0):
 garbage-first heap   total 262144K, used 59364K [0x00000000e0000000, 0x0000000100000000)
  region size 1024K, 12 young (12288K), 12 survivors (12288K)
 Metaspace       used 51453K, committed 53184K, reserved 393216K
  class space    used 7421K, committed 8256K, reserved 327680K
}

